<?xml version="1.0" encoding="UTF-8" ?>
<testsuite failures="0" time="0.004" errors="0" skipped="0" tests="4" name="unit.domain.CustomerTest">
  <properties>
[...]
</properties>
  <testcase time="0.001" classname="unit.domain.CustomerTest" name="shouldThrowExceptionWhenAddCustomerWithNicknameContainsOnlySpaces"/>
  <testcase time="0" classname="unit.domain.CustomerTest" name="shouldThrowExceptionWhenAddCustomerWithoutNickname"/>
  <testcase time="0" classname="unit.domain.CustomerTest" name="shouldAddCustomerNameSuccessfully"/>
  <testcase time="0" classname="unit.domain.CustomerTest" name="shouldThrowExceptionWhenAddCustomerWithInvalidNickname"/>
</testsuite>