<?xml version="1.0" encoding="UTF-8" ?>
<testsuite failures="0" time="1.921" errors="0" skipped="0" tests="5" name="bank.icbc.database.template.CustomerJDBCTemplateTest">
  <properties>
[...]
</properties>
  <testcase time="0.763" classname="bank.icbc.database.template.CustomerJDBCTemplateTest" name="shouldThrowExceptionWhenAddTwoCustomersWithSameNickname"/>
  <testcase time="0.123" classname="bank.icbc.database.template.CustomerJDBCTemplateTest" name="shouldThrowExceptionWhenAddCustomerWithNicknameContainsOnlySpaces"/>
  <testcase time="0.166" classname="bank.icbc.database.template.CustomerJDBCTemplateTest" name="shouldThrowExceptionWhenAddCustomerWithoutNickname"/>
  <testcase time="0.174" classname="bank.icbc.database.template.CustomerJDBCTemplateTest" name="shouldAddCustomerSuccessfully"/>
  <testcase time="0.123" classname="bank.icbc.database.template.CustomerJDBCTemplateTest" name="shouldThrowExceptionWhenAddCustomerWithInvalidNickname"/>
</testsuite>